2013-01-20 00:20:47,215 - Loaded System Directive: org.apache.velocity.runtime.directive.Parse
2013-01-20 00:20:47,217 - Loaded System Directive: org.apache.velocity.runtime.directive.Include
2013-01-20 00:20:47,218 - Loaded System Directive: org.apache.velocity.runtime.directive.Foreach
2013-01-20 00:20:47,245 - Created: 20 parsers.
2013-01-20 00:20:47,252 - Velocimacro : initialization starting.
2013-01-20 00:20:47,252 - Velocimacro : adding VMs from VM library template : VM_global_library.vm
2013-01-20 00:20:47,276 - ResourceManager : unable to find resource 'VM_global_library.vm' in any resource loader.
2013-01-20 00:20:47,276 - Velocimacro : error using  VM library template VM_global_library.vm : org.apache.velocity.exception.ResourceNotFoundException: Unable to find resource 'VM_global_library.vm'
2013-01-20 00:20:47,276 - Velocimacro :  VM library template macro registration complete.
2013-01-20 00:20:47,276 - Velocimacro : allowInline = true : VMs can be defined inline in templates
2013-01-20 00:20:47,276 - Velocimacro : allowInlineToOverride = false : VMs defined inline may NOT replace previous VM definitions
2013-01-20 00:20:47,276 - Velocimacro : allowInlineLocal = false : VMs defined inline will be  global in scope if allowed.
2013-01-20 00:20:47,276 - Velocimacro : messages on  : VM system will output logging messages
2013-01-20 00:20:47,276 - Velocimacro : autoload off  : VM system will not automatically reload global library macros
2013-01-20 00:20:47,276 - Velocimacro : initialization complete.
2013-01-20 00:20:47,276 - Velocity successfully started.
2013-01-20 00:21:47,618 - SimpleLog4JLogSystem initialized using logfile 'velocity.log'
2013-01-20 00:21:47,618 - ************************************************************** 
2013-01-20 00:21:47,618 - Starting Jakarta Velocity v1.4
2013-01-20 00:21:47,618 - RuntimeInstance initializing.
2013-01-20 00:21:47,618 - Default Properties File: org\apache\velocity\runtime\defaults\velocity.properties
2013-01-20 00:21:47,619 - Trying to use logger class org.apache.velocity.runtime.log.SimpleLog4JLogSystem
2013-01-20 00:21:47,619 - Using logger class org.apache.velocity.runtime.log.SimpleLog4JLogSystem
2013-01-20 00:21:47,621 - Default ResourceManager initializing. (class org.apache.velocity.runtime.resource.ResourceManagerImpl)
2013-01-20 00:21:47,624 - Resource Loader Instantiated: org.apache.velocity.runtime.resource.loader.ClasspathResourceLoader
2013-01-20 00:21:47,624 - ClasspathResourceLoader : initialization starting.
2013-01-20 00:21:47,624 - ClasspathResourceLoader : initialization complete.
2013-01-20 00:21:47,625 - ResourceCache : initialized. (class org.apache.velocity.runtime.resource.ResourceCacheImpl)
2013-01-20 00:21:47,625 - Default ResourceManager initialization complete.
2013-01-20 00:21:47,627 - Loaded System Directive: org.apache.velocity.runtime.directive.Literal
2013-01-20 00:21:47,629 - Loaded System Directive: org.apache.velocity.runtime.directive.Macro
2013-01-20 00:21:47,632 - Loaded System Directive: org.apache.velocity.runtime.directive.Parse
2013-01-20 00:21:47,633 - Loaded System Directive: org.apache.velocity.runtime.directive.Include
2013-01-20 00:21:47,634 - Loaded System Directive: org.apache.velocity.runtime.directive.Foreach
2013-01-20 00:21:47,662 - Created: 20 parsers.
2013-01-20 00:21:47,668 - Velocimacro : initialization starting.
2013-01-20 00:21:47,668 - Velocimacro : adding VMs from VM library template : VM_global_library.vm
2013-01-20 00:21:47,673 - ResourceManager : unable to find resource 'VM_global_library.vm' in any resource loader.
2013-01-20 00:21:47,673 - Velocimacro : error using  VM library template VM_global_library.vm : org.apache.velocity.exception.ResourceNotFoundException: Unable to find resource 'VM_global_library.vm'
2013-01-20 00:21:47,673 - Velocimacro :  VM library template macro registration complete.
2013-01-20 00:21:47,673 - Velocimacro : allowInline = true : VMs can be defined inline in templates
2013-01-20 00:21:47,673 - Velocimacro : allowInlineToOverride = false : VMs defined inline may NOT replace previous VM definitions
2013-01-20 00:21:47,673 - Velocimacro : allowInlineLocal = false : VMs defined inline will be  global in scope if allowed.
2013-01-20 00:21:47,673 - Velocimacro : messages on  : VM system will output logging messages
2013-01-20 00:21:47,673 - Velocimacro : autoload off  : VM system will not automatically reload global library macros
2013-01-20 00:21:47,673 - Velocimacro : initialization complete.
2013-01-20 00:21:47,673 - Velocity successfully started.
2013-01-20 00:22:56,377 - SimpleLog4JLogSystem initialized using logfile 'velocity.log'
2013-01-20 00:22:56,377 - ************************************************************** 
2013-01-20 00:22:56,377 - Starting Jakarta Velocity v1.4
2013-01-20 00:22:56,377 - RuntimeInstance initializing.
2013-01-20 00:22:56,377 - Default Properties File: org\apache\velocity\runtime\defaults\velocity.properties
2013-01-20 00:22:56,377 - Trying to use logger class org.apache.velocity.runtime.log.SimpleLog4JLogSystem
2013-01-20 00:22:56,377 - Using logger class org.apache.velocity.runtime.log.SimpleLog4JLogSystem
2013-01-20 00:22:56,382 - Default ResourceManager initializing. (class org.apache.velocity.runtime.resource.ResourceManagerImpl)
2013-01-20 00:22:56,385 - Resource Loader Instantiated: org.apache.velocity.runtime.resource.loader.ClasspathResourceLoader
2013-01-20 00:22:56,385 - ClasspathResourceLoader : initialization starting.
2013-01-20 00:22:56,386 - ClasspathResourceLoader : initialization complete.
2013-01-20 00:22:56,388 - ResourceCache : initialized. (class org.apache.velocity.runtime.resource.ResourceCacheImpl)
2013-01-20 00:22:56,388 - Default ResourceManager initialization complete.
2013-01-20 00:22:56,389 - Loaded System Directive: org.apache.velocity.runtime.directive.Literal
2013-01-20 00:22:56,392 - Loaded System Directive: org.apache.velocity.runtime.directive.Macro
2013-01-20 00:22:56,395 - Loaded System Directive: org.apache.velocity.runtime.directive.Parse
2013-01-20 00:22:56,397 - Loaded System Directive: org.apache.velocity.runtime.directive.Include
2013-01-20 00:22:56,398 - Loaded System Directive: org.apache.velocity.runtime.directive.Foreach
2013-01-20 00:22:56,423 - Created: 20 parsers.
2013-01-20 00:22:56,431 - Velocimacro : initialization starting.
2013-01-20 00:22:56,431 - Velocimacro : adding VMs from VM library template : VM_global_library.vm
2013-01-20 00:22:56,436 - ResourceManager : unable to find resource 'VM_global_library.vm' in any resource loader.
2013-01-20 00:22:56,436 - Velocimacro : error using  VM library template VM_global_library.vm : org.apache.velocity.exception.ResourceNotFoundException: Unable to find resource 'VM_global_library.vm'
2013-01-20 00:22:56,436 - Velocimacro :  VM library template macro registration complete.
2013-01-20 00:22:56,436 - Velocimacro : allowInline = true : VMs can be defined inline in templates
2013-01-20 00:22:56,436 - Velocimacro : allowInlineToOverride = false : VMs defined inline may NOT replace previous VM definitions
2013-01-20 00:22:56,436 - Velocimacro : allowInlineLocal = false : VMs defined inline will be  global in scope if allowed.
2013-01-20 00:22:56,436 - Velocimacro : messages on  : VM system will output logging messages
2013-01-20 00:22:56,436 - Velocimacro : autoload off  : VM system will not automatically reload global library macros
2013-01-20 00:22:56,436 - Velocimacro : initialization complete.
2013-01-20 00:22:56,436 - Velocity successfully started.
2013-01-20 00:23:27,435 - SimpleLog4JLogSystem initialized using logfile 'velocity.log'
2013-01-20 00:23:27,435 - ************************************************************** 
2013-01-20 00:23:27,435 - Starting Jakarta Velocity v1.4
2013-01-20 00:23:27,435 - RuntimeInstance initializing.
2013-01-20 00:23:27,435 - Default Properties File: org\apache\velocity\runtime\defaults\velocity.properties
2013-01-20 00:23:27,435 - Trying to use logger class org.apache.velocity.runtime.log.SimpleLog4JLogSystem
2013-01-20 00:23:27,436 - Using logger class org.apache.velocity.runtime.log.SimpleLog4JLogSystem
2013-01-20 00:23:27,438 - Default ResourceManager initializing. (class org.apache.velocity.runtime.resource.ResourceManagerImpl)
2013-01-20 00:23:27,441 - Resource Loader Instantiated: org.apache.velocity.runtime.resource.loader.ClasspathResourceLoader
2013-01-20 00:23:27,441 - ClasspathResourceLoader : initialization starting.
2013-01-20 00:23:27,441 - ClasspathResourceLoader : initialization complete.
2013-01-20 00:23:27,442 - ResourceCache : initialized. (class org.apache.velocity.runtime.resource.ResourceCacheImpl)
2013-01-20 00:23:27,442 - Default ResourceManager initialization complete.
2013-01-20 00:23:27,444 - Loaded System Directive: org.apache.velocity.runtime.directive.Literal
2013-01-20 00:23:27,445 - Loaded System Directive: org.apache.velocity.runtime.directive.Macro
2013-01-20 00:23:27,449 - Loaded System Directive: org.apache.velocity.runtime.directive.Parse
2013-01-20 00:23:27,451 - Loaded System Directive: org.apache.velocity.runtime.directive.Include
2013-01-20 00:23:27,452 - Loaded System Directive: org.apache.velocity.runtime.directive.Foreach
2013-01-20 00:23:27,479 - Created: 20 parsers.
2013-01-20 00:23:27,486 - Velocimacro : initialization starting.
2013-01-20 00:23:27,486 - Velocimacro : adding VMs from VM library template : VM_global_library.vm
2013-01-20 00:23:27,491 - ResourceManager : unable to find resource 'VM_global_library.vm' in any resource loader.
2013-01-20 00:23:27,491 - Velocimacro : error using  VM library template VM_global_library.vm : org.apache.velocity.exception.ResourceNotFoundException: Unable to find resource 'VM_global_library.vm'
2013-01-20 00:23:27,491 - Velocimacro :  VM library template macro registration complete.
2013-01-20 00:23:27,491 - Velocimacro : allowInline = true : VMs can be defined inline in templates
2013-01-20 00:23:27,491 - Velocimacro : allowInlineToOverride = false : VMs defined inline may NOT replace previous VM definitions
2013-01-20 00:23:27,491 - Velocimacro : allowInlineLocal = false : VMs defined inline will be  global in scope if allowed.
2013-01-20 00:23:27,491 - Velocimacro : messages on  : VM system will output logging messages
2013-01-20 00:23:27,491 - Velocimacro : autoload off  : VM system will not automatically reload global library macros
2013-01-20 00:23:27,491 - Velocimacro : initialization complete.
2013-01-20 00:23:27,491 - Velocity successfully started.
2013-01-20 00:24:16,491 - SimpleLog4JLogSystem initialized using logfile 'velocity.log'
2013-01-20 00:24:16,492 - ************************************************************** 
2013-01-20 00:24:16,492 - Starting Jakarta Velocity v1.4
2013-01-20 00:24:16,492 - RuntimeInstance initializing.
2013-01-20 00:24:16,492 - Default Properties File: org\apache\velocity\runtime\defaults\velocity.properties
2013-01-20 00:24:16,492 - Trying to use logger class org.apache.velocity.runtime.log.SimpleLog4JLogSystem
2013-01-20 00:24:16,492 - Using logger class org.apache.velocity.runtime.log.SimpleLog4JLogSystem
2013-01-20 00:24:16,495 - Default ResourceManager initializing. (class org.apache.velocity.runtime.resource.ResourceManagerImpl)
2013-01-20 00:24:16,497 - Resource Loader Instantiated: org.apache.velocity.runtime.resource.loader.ClasspathResourceLoader
2013-01-20 00:24:16,497 - ClasspathResourceLoader : initialization starting.
2013-01-20 00:24:16,497 - ClasspathResourceLoader : initialization complete.
2013-01-20 00:24:16,499 - ResourceCache : initialized. (class org.apache.velocity.runtime.resource.ResourceCacheImpl)
2013-01-20 00:24:16,499 - Default ResourceManager initialization complete.
2013-01-20 00:24:16,501 - Loaded System Directive: org.apache.velocity.runtime.directive.Literal
2013-01-20 00:24:16,503 - Loaded System Directive: org.apache.velocity.runtime.directive.Macro
2013-01-20 00:24:16,506 - Loaded System Directive: org.apache.velocity.runtime.directive.Parse
2013-01-20 00:24:16,507 - Loaded System Directive: org.apache.velocity.runtime.directive.Include
2013-01-20 00:24:16,508 - Loaded System Directive: org.apache.velocity.runtime.directive.Foreach
2013-01-20 00:24:16,536 - Created: 20 parsers.
2013-01-20 00:24:16,543 - Velocimacro : initialization starting.
2013-01-20 00:24:16,543 - Velocimacro : adding VMs from VM library template : VM_global_library.vm
2013-01-20 00:24:16,550 - ResourceManager : unable to find resource 'VM_global_library.vm' in any resource loader.
2013-01-20 00:24:16,550 - Velocimacro : error using  VM library template VM_global_library.vm : org.apache.velocity.exception.ResourceNotFoundException: Unable to find resource 'VM_global_library.vm'
2013-01-20 00:24:16,550 - Velocimacro :  VM library template macro registration complete.
2013-01-20 00:24:16,550 - Velocimacro : allowInline = true : VMs can be defined inline in templates
2013-01-20 00:24:16,550 - Velocimacro : allowInlineToOverride = false : VMs defined inline may NOT replace previous VM definitions
2013-01-20 00:24:16,550 - Velocimacro : allowInlineLocal = false : VMs defined inline will be  global in scope if allowed.
2013-01-20 00:24:16,550 - Velocimacro : messages on  : VM system will output logging messages
2013-01-20 00:24:16,550 - Velocimacro : autoload off  : VM system will not automatically reload global library macros
2013-01-20 00:24:16,550 - Velocimacro : initialization complete.
2013-01-20 00:24:16,550 - Velocity successfully started.
2013-01-20 00:25:12,133 - SimpleLog4JLogSystem initialized using logfile 'velocity.log'
2013-01-20 00:25:12,133 - ************************************************************** 
2013-01-20 00:25:12,133 - Starting Jakarta Velocity v1.4
2013-01-20 00:25:12,133 - RuntimeInstance initializing.
2013-01-20 00:25:12,133 - Default Properties File: org\apache\velocity\runtime\defaults\velocity.properties
2013-01-20 00:25:12,133 - Trying to use logger class org.apache.velocity.runtime.log.SimpleLog4JLogSystem
2013-01-20 00:25:12,133 - Using logger class org.apache.velocity.runtime.log.SimpleLog4JLogSystem
2013-01-20 00:25:12,136 - Default ResourceManager initializing. (class org.apache.velocity.runtime.resource.ResourceManagerImpl)
2013-01-20 00:25:12,139 - Resource Loader Instantiated: org.apache.velocity.runtime.resource.loader.ClasspathResourceLoader
2013-01-20 00:25:12,139 - ClasspathResourceLoader : initialization starting.
2013-01-20 00:25:12,139 - ClasspathResourceLoader : initialization complete.
2013-01-20 00:25:12,140 - ResourceCache : initialized. (class org.apache.velocity.runtime.resource.ResourceCacheImpl)
2013-01-20 00:25:12,140 - Default ResourceManager initialization complete.
2013-01-20 00:25:12,142 - Loaded System Directive: org.apache.velocity.runtime.directive.Literal
2013-01-20 00:25:12,147 - Loaded System Directive: org.apache.velocity.runtime.directive.Macro
2013-01-20 00:25:12,151 - Loaded System Directive: org.apache.velocity.runtime.directive.Parse
2013-01-20 00:25:12,153 - Loaded System Directive: org.apache.velocity.runtime.directive.Include
2013-01-20 00:25:12,154 - Loaded System Directive: org.apache.velocity.runtime.directive.Foreach
2013-01-20 00:25:12,187 - Created: 20 parsers.
2013-01-20 00:25:12,193 - Velocimacro : initialization starting.
2013-01-20 00:25:12,194 - Velocimacro : adding VMs from VM library template : VM_global_library.vm
2013-01-20 00:25:12,199 - ResourceManager : unable to find resource 'VM_global_library.vm' in any resource loader.
2013-01-20 00:25:12,199 - Velocimacro : error using  VM library template VM_global_library.vm : org.apache.velocity.exception.ResourceNotFoundException: Unable to find resource 'VM_global_library.vm'
2013-01-20 00:25:12,199 - Velocimacro :  VM library template macro registration complete.
2013-01-20 00:25:12,199 - Velocimacro : allowInline = true : VMs can be defined inline in templates
2013-01-20 00:25:12,199 - Velocimacro : allowInlineToOverride = false : VMs defined inline may NOT replace previous VM definitions
2013-01-20 00:25:12,199 - Velocimacro : allowInlineLocal = false : VMs defined inline will be  global in scope if allowed.
2013-01-20 00:25:12,199 - Velocimacro : messages on  : VM system will output logging messages
2013-01-20 00:25:12,199 - Velocimacro : autoload off  : VM system will not automatically reload global library macros
2013-01-20 00:25:12,199 - Velocimacro : initialization complete.
2013-01-20 00:25:12,199 - Velocity successfully started.
2013-01-20 00:25:36,283 - SimpleLog4JLogSystem initialized using logfile 'velocity.log'
2013-01-20 00:25:36,284 - ************************************************************** 
2013-01-20 00:25:36,284 - Starting Jakarta Velocity v1.4
2013-01-20 00:25:36,284 - RuntimeInstance initializing.
2013-01-20 00:25:36,284 - Default Properties File: org\apache\velocity\runtime\defaults\velocity.properties
2013-01-20 00:25:36,284 - Trying to use logger class org.apache.velocity.runtime.log.SimpleLog4JLogSystem
2013-01-20 00:25:36,284 - Using logger class org.apache.velocity.runtime.log.SimpleLog4JLogSystem
2013-01-20 00:25:36,286 - Default ResourceManager initializing. (class org.apache.velocity.runtime.resource.ResourceManagerImpl)
2013-01-20 00:25:36,289 - Resource Loader Instantiated: org.apache.velocity.runtime.resource.loader.ClasspathResourceLoader
2013-01-20 00:25:36,289 - ClasspathResourceLoader : initialization starting.
2013-01-20 00:25:36,289 - ClasspathResourceLoader : initialization complete.
2013-01-20 00:25:36,290 - ResourceCache : initialized. (class org.apache.velocity.runtime.resource.ResourceCacheImpl)
2013-01-20 00:25:36,290 - Default ResourceManager initialization complete.
2013-01-20 00:25:36,291 - Loaded System Directive: org.apache.velocity.runtime.directive.Literal
2013-01-20 00:25:36,294 - Loaded System Directive: org.apache.velocity.runtime.directive.Macro
2013-01-20 00:25:36,298 - Loaded System Directive: org.apache.velocity.runtime.directive.Parse
2013-01-20 00:25:36,300 - Loaded System Directive: org.apache.velocity.runtime.directive.Include
2013-01-20 00:25:36,302 - Loaded System Directive: org.apache.velocity.runtime.directive.Foreach
2013-01-20 00:25:36,331 - Created: 20 parsers.
2013-01-20 00:25:36,337 - Velocimacro : initialization starting.
2013-01-20 00:25:36,337 - Velocimacro : adding VMs from VM library template : VM_global_library.vm
2013-01-20 00:25:36,342 - ResourceManager : unable to find resource 'VM_global_library.vm' in any resource loader.
2013-01-20 00:25:36,343 - Velocimacro : error using  VM library template VM_global_library.vm : org.apache.velocity.exception.ResourceNotFoundException: Unable to find resource 'VM_global_library.vm'
2013-01-20 00:25:36,343 - Velocimacro :  VM library template macro registration complete.
2013-01-20 00:25:36,343 - Velocimacro : allowInline = true : VMs can be defined inline in templates
2013-01-20 00:25:36,343 - Velocimacro : allowInlineToOverride = false : VMs defined inline may NOT replace previous VM definitions
2013-01-20 00:25:36,343 - Velocimacro : allowInlineLocal = false : VMs defined inline will be  global in scope if allowed.
2013-01-20 00:25:36,343 - Velocimacro : messages on  : VM system will output logging messages
2013-01-20 00:25:36,343 - Velocimacro : autoload off  : VM system will not automatically reload global library macros
2013-01-20 00:25:36,343 - Velocimacro : initialization complete.
2013-01-20 00:25:36,343 - Velocity successfully started.
2013-01-20 00:28:53,375 - SimpleLog4JLogSystem initialized using logfile 'velocity.log'
2013-01-20 00:28:53,376 - ************************************************************** 
2013-01-20 00:28:53,376 - Starting Jakarta Velocity v1.4
2013-01-20 00:28:53,376 - RuntimeInstance initializing.
2013-01-20 00:28:53,376 - Default Properties File: org\apache\velocity\runtime\defaults\velocity.properties
2013-01-20 00:28:53,376 - Trying to use logger class org.apache.velocity.runtime.log.SimpleLog4JLogSystem
2013-01-20 00:28:53,376 - Using logger class org.apache.velocity.runtime.log.SimpleLog4JLogSystem
2013-01-20 00:28:53,379 - Default ResourceManager initializing. (class org.apache.velocity.runtime.resource.ResourceManagerImpl)
2013-01-20 00:28:53,381 - Resource Loader Instantiated: org.apache.velocity.runtime.resource.loader.ClasspathResourceLoader
2013-01-20 00:28:53,381 - ClasspathResourceLoader : initialization starting.
2013-01-20 00:28:53,381 - ClasspathResourceLoader : initialization complete.
2013-01-20 00:28:53,382 - ResourceCache : initialized. (class org.apache.velocity.runtime.resource.ResourceCacheImpl)
2013-01-20 00:28:53,383 - Default ResourceManager initialization complete.
2013-01-20 00:28:53,384 - Loaded System Directive: org.apache.velocity.runtime.directive.Literal
2013-01-20 00:28:53,387 - Loaded System Directive: org.apache.velocity.runtime.directive.Macro
2013-01-20 00:28:53,389 - Loaded System Directive: org.apache.velocity.runtime.directive.Parse
2013-01-20 00:28:53,391 - Loaded System Directive: org.apache.velocity.runtime.directive.Include
2013-01-20 00:28:53,392 - Loaded System Directive: org.apache.velocity.runtime.directive.Foreach
2013-01-20 00:28:53,419 - Created: 20 parsers.
2013-01-20 00:28:53,426 - Velocimacro : initialization starting.
2013-01-20 00:28:53,426 - Velocimacro : adding VMs from VM library template : VM_global_library.vm
2013-01-20 00:28:53,432 - ResourceManager : unable to find resource 'VM_global_library.vm' in any resource loader.
2013-01-20 00:28:53,432 - Velocimacro : error using  VM library template VM_global_library.vm : org.apache.velocity.exception.ResourceNotFoundException: Unable to find resource 'VM_global_library.vm'
2013-01-20 00:28:53,432 - Velocimacro :  VM library template macro registration complete.
2013-01-20 00:28:53,432 - Velocimacro : allowInline = true : VMs can be defined inline in templates
2013-01-20 00:28:53,432 - Velocimacro : allowInlineToOverride = false : VMs defined inline may NOT replace previous VM definitions
2013-01-20 00:28:53,432 - Velocimacro : allowInlineLocal = false : VMs defined inline will be  global in scope if allowed.
2013-01-20 00:28:53,432 - Velocimacro : messages on  : VM system will output logging messages
2013-01-20 00:28:53,432 - Velocimacro : autoload off  : VM system will not automatically reload global library macros
2013-01-20 00:28:53,432 - Velocimacro : initialization complete.
2013-01-20 00:28:53,432 - Velocity successfully started.
2013-01-20 00:29:29,604 - SimpleLog4JLogSystem initialized using logfile 'velocity.log'
2013-01-20 00:29:29,605 - ************************************************************** 
2013-01-20 00:29:29,605 - Starting Jakarta Velocity v1.4
2013-01-20 00:29:29,605 - RuntimeInstance initializing.
2013-01-20 00:29:29,605 - Default Properties File: org\apache\velocity\runtime\defaults\velocity.properties
2013-01-20 00:29:29,605 - Trying to use logger class org.apache.velocity.runtime.log.SimpleLog4JLogSystem
2013-01-20 00:29:29,605 - Using logger class org.apache.velocity.runtime.log.SimpleLog4JLogSystem
2013-01-20 00:29:29,607 - Default ResourceManager initializing. (class org.apache.velocity.runtime.resource.ResourceManagerImpl)
2013-01-20 00:29:29,610 - Resource Loader Instantiated: org.apache.velocity.runtime.resource.loader.ClasspathResourceLoader
2013-01-20 00:29:29,610 - ClasspathResourceLoader : initialization starting.
2013-01-20 00:29:29,610 - ClasspathResourceLoader : initialization complete.
2013-01-20 00:29:29,611 - ResourceCache : initialized. (class org.apache.velocity.runtime.resource.ResourceCacheImpl)
2013-01-20 00:29:29,611 - Default ResourceManager initialization complete.
2013-01-20 00:29:29,613 - Loaded System Directive: org.apache.velocity.runtime.directive.Literal
2013-01-20 00:29:29,616 - Loaded System Directive: org.apache.velocity.runtime.directive.Macro
2013-01-20 00:29:29,619 - Loaded System Directive: org.apache.velocity.runtime.directive.Parse
2013-01-20 00:29:29,620 - Loaded System Directive: org.apache.velocity.runtime.directive.Include
2013-01-20 00:29:29,621 - Loaded System Directive: org.apache.velocity.runtime.directive.Foreach
2013-01-20 00:29:29,648 - Created: 20 parsers.
2013-01-20 00:29:29,654 - Velocimacro : initialization starting.
2013-01-20 00:29:29,654 - Velocimacro : adding VMs from VM library template : VM_global_library.vm
2013-01-20 00:29:29,659 - ResourceManager : unable to find resource 'VM_global_library.vm' in any resource loader.
2013-01-20 00:29:29,659 - Velocimacro : error using  VM library template VM_global_library.vm : org.apache.velocity.exception.ResourceNotFoundException: Unable to find resource 'VM_global_library.vm'
2013-01-20 00:29:29,659 - Velocimacro :  VM library template macro registration complete.
2013-01-20 00:29:29,660 - Velocimacro : allowInline = true : VMs can be defined inline in templates
2013-01-20 00:29:29,660 - Velocimacro : allowInlineToOverride = false : VMs defined inline may NOT replace previous VM definitions
2013-01-20 00:29:29,660 - Velocimacro : allowInlineLocal = false : VMs defined inline will be  global in scope if allowed.
2013-01-20 00:29:29,660 - Velocimacro : messages on  : VM system will output logging messages
2013-01-20 00:29:29,660 - Velocimacro : autoload off  : VM system will not automatically reload global library macros
2013-01-20 00:29:29,660 - Velocimacro : initialization complete.
2013-01-20 00:29:29,660 - Velocity successfully started.
2013-01-20 14:02:52,211 - SimpleLog4JLogSystem initialized using logfile 'velocity.log'
2013-01-20 14:02:52,211 - ************************************************************** 
2013-01-20 14:02:52,211 - Starting Jakarta Velocity v1.4
2013-01-20 14:02:52,211 - RuntimeInstance initializing.
2013-01-20 14:02:52,211 - Default Properties File: org\apache\velocity\runtime\defaults\velocity.properties
2013-01-20 14:02:52,211 - Trying to use logger class org.apache.velocity.runtime.log.SimpleLog4JLogSystem
2013-01-20 14:02:52,211 - Using logger class org.apache.velocity.runtime.log.SimpleLog4JLogSystem
2013-01-20 14:02:52,214 - Default ResourceManager initializing. (class org.apache.velocity.runtime.resource.ResourceManagerImpl)
2013-01-20 14:02:52,217 - Resource Loader Instantiated: org.apache.velocity.runtime.resource.loader.ClasspathResourceLoader
2013-01-20 14:02:52,217 - ClasspathResourceLoader : initialization starting.
2013-01-20 14:02:52,217 - ClasspathResourceLoader : initialization complete.
2013-01-20 14:02:52,218 - ResourceCache : initialized. (class org.apache.velocity.runtime.resource.ResourceCacheImpl)
2013-01-20 14:02:52,218 - Default ResourceManager initialization complete.
2013-01-20 14:02:52,220 - Loaded System Directive: org.apache.velocity.runtime.directive.Literal
2013-01-20 14:02:52,223 - Loaded System Directive: org.apache.velocity.runtime.directive.Macro
2013-01-20 14:02:52,225 - Loaded System Directive: org.apache.velocity.runtime.directive.Parse
2013-01-20 14:02:52,227 - Loaded System Directive: org.apache.velocity.runtime.directive.Include
2013-01-20 14:02:52,228 - Loaded System Directive: org.apache.velocity.runtime.directive.Foreach
2013-01-20 14:02:52,256 - Created: 20 parsers.
2013-01-20 14:02:52,262 - Velocimacro : initialization starting.
2013-01-20 14:02:52,262 - Velocimacro : adding VMs from VM library template : VM_global_library.vm
2013-01-20 14:02:52,267 - ResourceManager : unable to find resource 'VM_global_library.vm' in any resource loader.
2013-01-20 14:02:52,267 - Velocimacro : error using  VM library template VM_global_library.vm : org.apache.velocity.exception.ResourceNotFoundException: Unable to find resource 'VM_global_library.vm'
2013-01-20 14:02:52,267 - Velocimacro :  VM library template macro registration complete.
2013-01-20 14:02:52,267 - Velocimacro : allowInline = true : VMs can be defined inline in templates
2013-01-20 14:02:52,267 - Velocimacro : allowInlineToOverride = false : VMs defined inline may NOT replace previous VM definitions
2013-01-20 14:02:52,268 - Velocimacro : allowInlineLocal = false : VMs defined inline will be  global in scope if allowed.
2013-01-20 14:02:52,268 - Velocimacro : messages on  : VM system will output logging messages
2013-01-20 14:02:52,268 - Velocimacro : autoload off  : VM system will not automatically reload global library macros
2013-01-20 14:02:52,268 - Velocimacro : initialization complete.
2013-01-20 14:02:52,268 - Velocity successfully started.
2013-01-20 14:06:57,842 - SimpleLog4JLogSystem initialized using logfile 'velocity.log'
2013-01-20 14:06:57,842 - ************************************************************** 
2013-01-20 14:06:57,842 - Starting Jakarta Velocity v1.4
2013-01-20 14:06:57,842 - RuntimeInstance initializing.
2013-01-20 14:06:57,843 - Default Properties File: org\apache\velocity\runtime\defaults\velocity.properties
2013-01-20 14:06:57,843 - Trying to use logger class org.apache.velocity.runtime.log.SimpleLog4JLogSystem
2013-01-20 14:06:57,843 - Using logger class org.apache.velocity.runtime.log.SimpleLog4JLogSystem
2013-01-20 14:06:57,845 - Default ResourceManager initializing. (class org.apache.velocity.runtime.resource.ResourceManagerImpl)
2013-01-20 14:06:57,848 - Resource Loader Instantiated: org.apache.velocity.runtime.resource.loader.ClasspathResourceLoader
2013-01-20 14:06:57,848 - ClasspathResourceLoader : initialization starting.
2013-01-20 14:06:57,848 - ClasspathResourceLoader : initialization complete.
2013-01-20 14:06:57,849 - ResourceCache : initialized. (class org.apache.velocity.runtime.resource.ResourceCacheImpl)
2013-01-20 14:06:57,849 - Default ResourceManager initialization complete.
2013-01-20 14:06:57,851 - Loaded System Directive: org.apache.velocity.runtime.directive.Literal
2013-01-20 14:06:57,855 - Loaded System Directive: org.apache.velocity.runtime.directive.Macro
2013-01-20 14:06:57,857 - Loaded System Directive: org.apache.velocity.runtime.directive.Parse
2013-01-20 14:06:57,859 - Loaded System Directive: org.apache.velocity.runtime.directive.Include
2013-01-20 14:06:57,860 - Loaded System Directive: org.apache.velocity.runtime.directive.Foreach
2013-01-20 14:06:57,886 - Created: 20 parsers.
2013-01-20 14:06:57,893 - Velocimacro : initialization starting.
2013-01-20 14:06:57,893 - Velocimacro : adding VMs from VM library template : VM_global_library.vm
2013-01-20 14:06:57,898 - ResourceManager : unable to find resource 'VM_global_library.vm' in any resource loader.
2013-01-20 14:06:57,898 - Velocimacro : error using  VM library template VM_global_library.vm : org.apache.velocity.exception.ResourceNotFoundException: Unable to find resource 'VM_global_library.vm'
2013-01-20 14:06:57,898 - Velocimacro :  VM library template macro registration complete.
2013-01-20 14:06:57,898 - Velocimacro : allowInline = true : VMs can be defined inline in templates
2013-01-20 14:06:57,898 - Velocimacro : allowInlineToOverride = false : VMs defined inline may NOT replace previous VM definitions
2013-01-20 14:06:57,898 - Velocimacro : allowInlineLocal = false : VMs defined inline will be  global in scope if allowed.
2013-01-20 14:06:57,898 - Velocimacro : messages on  : VM system will output logging messages
2013-01-20 14:06:57,898 - Velocimacro : autoload off  : VM system will not automatically reload global library macros
2013-01-20 14:06:57,898 - Velocimacro : initialization complete.
2013-01-20 14:06:57,898 - Velocity successfully started.
2013-01-20 14:09:03,550 - SimpleLog4JLogSystem initialized using logfile 'velocity.log'
2013-01-20 14:09:03,551 - ************************************************************** 
2013-01-20 14:09:03,551 - Starting Jakarta Velocity v1.4
2013-01-20 14:09:03,551 - RuntimeInstance initializing.
2013-01-20 14:09:03,551 - Default Properties File: org\apache\velocity\runtime\defaults\velocity.properties
2013-01-20 14:09:03,551 - Trying to use logger class org.apache.velocity.runtime.log.SimpleLog4JLogSystem
2013-01-20 14:09:03,551 - Using logger class org.apache.velocity.runtime.log.SimpleLog4JLogSystem
2013-01-20 14:09:03,553 - Default ResourceManager initializing. (class org.apache.velocity.runtime.resource.ResourceManagerImpl)
2013-01-20 14:09:03,556 - Resource Loader Instantiated: org.apache.velocity.runtime.resource.loader.ClasspathResourceLoader
2013-01-20 14:09:03,556 - ClasspathResourceLoader : initialization starting.
2013-01-20 14:09:03,556 - ClasspathResourceLoader : initialization complete.
2013-01-20 14:09:03,557 - ResourceCache : initialized. (class org.apache.velocity.runtime.resource.ResourceCacheImpl)
2013-01-20 14:09:03,557 - Default ResourceManager initialization complete.
2013-01-20 14:09:03,558 - Loaded System Directive: org.apache.velocity.runtime.directive.Literal
2013-01-20 14:09:03,562 - Loaded System Directive: org.apache.velocity.runtime.directive.Macro
2013-01-20 14:09:03,564 - Loaded System Directive: org.apache.velocity.runtime.directive.Parse
2013-01-20 14:09:03,566 - Loaded System Directive: org.apache.velocity.runtime.directive.Include
2013-01-20 14:09:03,567 - Loaded System Directive: org.apache.velocity.runtime.directive.Foreach
2013-01-20 14:09:03,593 - Created: 20 parsers.
2013-01-20 14:09:03,600 - Velocimacro : initialization starting.
2013-01-20 14:09:03,600 - Velocimacro : adding VMs from VM library template : VM_global_library.vm
2013-01-20 14:09:03,606 - ResourceManager : unable to find resource 'VM_global_library.vm' in any resource loader.
2013-01-20 14:09:03,606 - Velocimacro : error using  VM library template VM_global_library.vm : org.apache.velocity.exception.ResourceNotFoundException: Unable to find resource 'VM_global_library.vm'
2013-01-20 14:09:03,606 - Velocimacro :  VM library template macro registration complete.
2013-01-20 14:09:03,606 - Velocimacro : allowInline = true : VMs can be defined inline in templates
2013-01-20 14:09:03,606 - Velocimacro : allowInlineToOverride = false : VMs defined inline may NOT replace previous VM definitions
2013-01-20 14:09:03,606 - Velocimacro : allowInlineLocal = false : VMs defined inline will be  global in scope if allowed.
2013-01-20 14:09:03,606 - Velocimacro : messages on  : VM system will output logging messages
2013-01-20 14:09:03,606 - Velocimacro : autoload off  : VM system will not automatically reload global library macros
2013-01-20 14:09:03,606 - Velocimacro : initialization complete.
2013-01-20 14:09:03,606 - Velocity successfully started.
2013-01-20 14:10:14,489 - SimpleLog4JLogSystem initialized using logfile 'velocity.log'
2013-01-20 14:10:14,489 - ************************************************************** 
2013-01-20 14:10:14,489 - Starting Jakarta Velocity v1.4
2013-01-20 14:10:14,489 - RuntimeInstance initializing.
2013-01-20 14:10:14,489 - Default Properties File: org\apache\velocity\runtime\defaults\velocity.properties
2013-01-20 14:10:14,489 - Trying to use logger class org.apache.velocity.runtime.log.SimpleLog4JLogSystem
2013-01-20 14:10:14,489 - Using logger class org.apache.velocity.runtime.log.SimpleLog4JLogSystem
2013-01-20 14:10:14,492 - Default ResourceManager initializing. (class org.apache.velocity.runtime.resource.ResourceManagerImpl)
2013-01-20 14:10:14,494 - Resource Loader Instantiated: org.apache.velocity.runtime.resource.loader.ClasspathResourceLoader
2013-01-20 14:10:14,494 - ClasspathResourceLoader : initialization starting.
2013-01-20 14:10:14,494 - ClasspathResourceLoader : initialization complete.
2013-01-20 14:10:14,496 - ResourceCache : initialized. (class org.apache.velocity.runtime.resource.ResourceCacheImpl)
2013-01-20 14:10:14,496 - Default ResourceManager initialization complete.
2013-01-20 14:10:14,497 - Loaded System Directive: org.apache.velocity.runtime.directive.Literal
2013-01-20 14:10:14,500 - Loaded System Directive: org.apache.velocity.runtime.directive.Macro
2013-01-20 14:10:14,502 - Loaded System Directive: org.apache.velocity.runtime.directive.Parse
2013-01-20 14:10:14,504 - Loaded System Directive: org.apache.velocity.runtime.directive.Include
2013-01-20 14:10:14,505 - Loaded System Directive: org.apache.velocity.runtime.directive.Foreach
2013-01-20 14:10:14,533 - Created: 20 parsers.
2013-01-20 14:10:14,539 - Velocimacro : initialization starting.
2013-01-20 14:10:14,539 - Velocimacro : adding VMs from VM library template : VM_global_library.vm
2013-01-20 14:10:14,544 - ResourceManager : unable to find resource 'VM_global_library.vm' in any resource loader.
2013-01-20 14:10:14,544 - Velocimacro : error using  VM library template VM_global_library.vm : org.apache.velocity.exception.ResourceNotFoundException: Unable to find resource 'VM_global_library.vm'
2013-01-20 14:10:14,544 - Velocimacro :  VM library template macro registration complete.
2013-01-20 14:10:14,544 - Velocimacro : allowInline = true : VMs can be defined inline in templates
2013-01-20 14:10:14,544 - Velocimacro : allowInlineToOverride = false : VMs defined inline may NOT replace previous VM definitions
2013-01-20 14:10:14,544 - Velocimacro : allowInlineLocal = false : VMs defined inline will be  global in scope if allowed.
2013-01-20 14:10:14,544 - Velocimacro : messages on  : VM system will output logging messages
2013-01-20 14:10:14,544 - Velocimacro : autoload off  : VM system will not automatically reload global library macros
2013-01-20 14:10:14,544 - Velocimacro : initialization complete.
2013-01-20 14:10:14,544 - Velocity successfully started.
2013-01-20 14:16:05,537 - SimpleLog4JLogSystem initialized using logfile 'velocity.log'
2013-01-20 14:16:05,537 - ************************************************************** 
2013-01-20 14:16:05,537 - Starting Jakarta Velocity v1.4
2013-01-20 14:16:05,537 - RuntimeInstance initializing.
2013-01-20 14:16:05,537 - Default Properties File: org\apache\velocity\runtime\defaults\velocity.properties
2013-01-20 14:16:05,537 - Trying to use logger class org.apache.velocity.runtime.log.SimpleLog4JLogSystem
2013-01-20 14:16:05,537 - Using logger class org.apache.velocity.runtime.log.SimpleLog4JLogSystem
2013-01-20 14:16:05,540 - Default ResourceManager initializing. (class org.apache.velocity.runtime.resource.ResourceManagerImpl)
2013-01-20 14:16:05,542 - Resource Loader Instantiated: org.apache.velocity.runtime.resource.loader.ClasspathResourceLoader
2013-01-20 14:16:05,542 - ClasspathResourceLoader : initialization starting.
2013-01-20 14:16:05,542 - ClasspathResourceLoader : initialization complete.
2013-01-20 14:16:05,544 - ResourceCache : initialized. (class org.apache.velocity.runtime.resource.ResourceCacheImpl)
2013-01-20 14:16:05,544 - Default ResourceManager initialization complete.
2013-01-20 14:16:05,545 - Loaded System Directive: org.apache.velocity.runtime.directive.Literal
2013-01-20 14:16:05,548 - Loaded System Directive: org.apache.velocity.runtime.directive.Macro
2013-01-20 14:16:05,550 - Loaded System Directive: org.apache.velocity.runtime.directive.Parse
2013-01-20 14:16:05,551 - Loaded System Directive: org.apache.velocity.runtime.directive.Include
2013-01-20 14:16:05,552 - Loaded System Directive: org.apache.velocity.runtime.directive.Foreach
2013-01-20 14:16:05,578 - Created: 20 parsers.
2013-01-20 14:16:05,585 - Velocimacro : initialization starting.
2013-01-20 14:16:05,585 - Velocimacro : adding VMs from VM library template : VM_global_library.vm
2013-01-20 14:16:05,590 - ResourceManager : unable to find resource 'VM_global_library.vm' in any resource loader.
2013-01-20 14:16:05,590 - Velocimacro : error using  VM library template VM_global_library.vm : org.apache.velocity.exception.ResourceNotFoundException: Unable to find resource 'VM_global_library.vm'
2013-01-20 14:16:05,590 - Velocimacro :  VM library template macro registration complete.
2013-01-20 14:16:05,590 - Velocimacro : allowInline = true : VMs can be defined inline in templates
2013-01-20 14:16:05,590 - Velocimacro : allowInlineToOverride = false : VMs defined inline may NOT replace previous VM definitions
2013-01-20 14:16:05,590 - Velocimacro : allowInlineLocal = false : VMs defined inline will be  global in scope if allowed.
2013-01-20 14:16:05,590 - Velocimacro : messages on  : VM system will output logging messages
2013-01-20 14:16:05,590 - Velocimacro : autoload off  : VM system will not automatically reload global library macros
2013-01-20 14:16:05,590 - Velocimacro : initialization complete.
2013-01-20 14:16:05,590 - Velocity successfully started.
2013-01-20 14:17:53,234 - SimpleLog4JLogSystem initialized using logfile 'velocity.log'
2013-01-20 14:17:53,235 - ************************************************************** 
2013-01-20 14:17:53,235 - Starting Jakarta Velocity v1.4
2013-01-20 14:17:53,235 - RuntimeInstance initializing.
2013-01-20 14:17:53,235 - Default Properties File: org\apache\velocity\runtime\defaults\velocity.properties
2013-01-20 14:17:53,235 - Trying to use logger class org.apache.velocity.runtime.log.SimpleLog4JLogSystem
2013-01-20 14:17:53,235 - Using logger class org.apache.velocity.runtime.log.SimpleLog4JLogSystem
2013-01-20 14:17:53,237 - Default ResourceManager initializing. (class org.apache.velocity.runtime.resource.ResourceManagerImpl)
2013-01-20 14:17:53,239 - Resource Loader Instantiated: org.apache.velocity.runtime.resource.loader.ClasspathResourceLoader
2013-01-20 14:17:53,240 - ClasspathResourceLoader : initialization starting.
2013-01-20 14:17:53,240 - ClasspathResourceLoader : initialization complete.
2013-01-20 14:17:53,241 - ResourceCache : initialized. (class org.apache.velocity.runtime.resource.ResourceCacheImpl)
2013-01-20 14:17:53,241 - Default ResourceManager initialization complete.
2013-01-20 14:17:53,242 - Loaded System Directive: org.apache.velocity.runtime.directive.Literal
2013-01-20 14:17:53,245 - Loaded System Directive: org.apache.velocity.runtime.directive.Macro
2013-01-20 14:17:53,247 - Loaded System Directive: org.apache.velocity.runtime.directive.Parse
2013-01-20 14:17:53,249 - Loaded System Directive: org.apache.velocity.runtime.directive.Include
2013-01-20 14:17:53,249 - Loaded System Directive: org.apache.velocity.runtime.directive.Foreach
2013-01-20 14:17:53,277 - Created: 20 parsers.
2013-01-20 14:17:53,284 - Velocimacro : initialization starting.
2013-01-20 14:17:53,284 - Velocimacro : adding VMs from VM library template : VM_global_library.vm
2013-01-20 14:17:53,289 - ResourceManager : unable to find resource 'VM_global_library.vm' in any resource loader.
2013-01-20 14:17:53,289 - Velocimacro : error using  VM library template VM_global_library.vm : org.apache.velocity.exception.ResourceNotFoundException: Unable to find resource 'VM_global_library.vm'
2013-01-20 14:17:53,289 - Velocimacro :  VM library template macro registration complete.
2013-01-20 14:17:53,289 - Velocimacro : allowInline = true : VMs can be defined inline in templates
2013-01-20 14:17:53,289 - Velocimacro : allowInlineToOverride = false : VMs defined inline may NOT replace previous VM definitions
2013-01-20 14:17:53,289 - Velocimacro : allowInlineLocal = false : VMs defined inline will be  global in scope if allowed.
2013-01-20 14:17:53,289 - Velocimacro : messages on  : VM system will output logging messages
2013-01-20 14:17:53,289 - Velocimacro : autoload off  : VM system will not automatically reload global library macros
2013-01-20 14:17:53,289 - Velocimacro : initialization complete.
2013-01-20 14:17:53,289 - Velocity successfully started.
2013-01-20 14:19:02,558 - SimpleLog4JLogSystem initialized using logfile 'velocity.log'
2013-01-20 14:19:02,558 - ************************************************************** 
2013-01-20 14:19:02,558 - Starting Jakarta Velocity v1.4
2013-01-20 14:19:02,558 - RuntimeInstance initializing.
2013-01-20 14:19:02,558 - Default Properties File: org\apache\velocity\runtime\defaults\velocity.properties
2013-01-20 14:19:02,558 - Trying to use logger class org.apache.velocity.runtime.log.SimpleLog4JLogSystem
2013-01-20 14:19:02,559 - Using logger class org.apache.velocity.runtime.log.SimpleLog4JLogSystem
2013-01-20 14:19:02,561 - Default ResourceManager initializing. (class org.apache.velocity.runtime.resource.ResourceManagerImpl)
2013-01-20 14:19:02,563 - Resource Loader Instantiated: org.apache.velocity.runtime.resource.loader.ClasspathResourceLoader
2013-01-20 14:19:02,563 - ClasspathResourceLoader : initialization starting.
2013-01-20 14:19:02,563 - ClasspathResourceLoader : initialization complete.
2013-01-20 14:19:02,565 - ResourceCache : initialized. (class org.apache.velocity.runtime.resource.ResourceCacheImpl)
2013-01-20 14:19:02,565 - Default ResourceManager initialization complete.
2013-01-20 14:19:02,566 - Loaded System Directive: org.apache.velocity.runtime.directive.Literal
2013-01-20 14:19:02,570 - Loaded System Directive: org.apache.velocity.runtime.directive.Macro
2013-01-20 14:19:02,572 - Loaded System Directive: org.apache.velocity.runtime.directive.Parse
2013-01-20 14:19:02,574 - Loaded System Directive: org.apache.velocity.runtime.directive.Include
2013-01-20 14:19:02,575 - Loaded System Directive: org.apache.velocity.runtime.directive.Foreach
2013-01-20 14:19:02,602 - Created: 20 parsers.
2013-01-20 14:19:02,608 - Velocimacro : initialization starting.
2013-01-20 14:19:02,608 - Velocimacro : adding VMs from VM library template : VM_global_library.vm
2013-01-20 14:19:02,613 - ResourceManager : unable to find resource 'VM_global_library.vm' in any resource loader.
2013-01-20 14:19:02,613 - Velocimacro : error using  VM library template VM_global_library.vm : org.apache.velocity.exception.ResourceNotFoundException: Unable to find resource 'VM_global_library.vm'
2013-01-20 14:19:02,613 - Velocimacro :  VM library template macro registration complete.
2013-01-20 14:19:02,613 - Velocimacro : allowInline = true : VMs can be defined inline in templates
2013-01-20 14:19:02,613 - Velocimacro : allowInlineToOverride = false : VMs defined inline may NOT replace previous VM definitions
2013-01-20 14:19:02,614 - Velocimacro : allowInlineLocal = false : VMs defined inline will be  global in scope if allowed.
2013-01-20 14:19:02,614 - Velocimacro : messages on  : VM system will output logging messages
2013-01-20 14:19:02,614 - Velocimacro : autoload off  : VM system will not automatically reload global library macros
2013-01-20 14:19:02,614 - Velocimacro : initialization complete.
2013-01-20 14:19:02,614 - Velocity successfully started.
